[20:36:15] [main/WARN]: Ambiguity between arguments [teleport, destination] and [teleport, targets] with inputs: [Player, 0123, @e, dd12be42-52a9-4a91-a8a1-11c01849e498]
[20:36:15] [main/WARN]: Ambiguity between arguments [teleport, location] and [teleport, destination] with inputs: [0.1 -0.5 .9, 0 0 0]
[20:36:15] [main/WARN]: Ambiguity between arguments [teleport, location] and [teleport, targets] with inputs: [0.1 -0.5 .9, 0 0 0]
[20:36:15] [main/WARN]: Ambiguity between arguments [teleport, targets] and [teleport, destination] with inputs: [Player, 0123, dd12be42-52a9-4a91-a8a1-11c01849e498]
[20:36:15] [main/WARN]: Ambiguity between arguments [teleport, targets, location] and [teleport, targets, destination] with inputs: [0.1 -0.5 .9, 0 0 0]
[20:36:15] [main/INFO]: Loaded 0 recipes
[20:36:15] [main/INFO]: Loaded 0 advancements
[20:36:16] [Server thread/INFO]: Starting minecraft server version 1.13.2
[20:36:16] [Server thread/INFO]: Loading properties
[20:36:16] [Server console handler/ERROR]: Exception handling console input
java.io.IOException: The handle is invalid
	at java.io.FileInputStream.readBytes(Native Method) ~[?:1.8.0_201]
	at java.io.FileInputStream.read(Unknown Source) ~[?:1.8.0_201]
	at java.io.BufferedInputStream.read1(Unknown Source) ~[?:1.8.0_201]
	at java.io.BufferedInputStream.read(Unknown Source) ~[?:1.8.0_201]
	at sun.nio.cs.StreamDecoder.readBytes(Unknown Source) ~[?:1.8.0_201]
	at sun.nio.cs.StreamDecoder.implRead(Unknown Source) ~[?:1.8.0_201]
	at sun.nio.cs.StreamDecoder.read(Unknown Source) ~[?:1.8.0_201]
	at java.io.InputStreamReader.read(Unknown Source) ~[?:1.8.0_201]
	at java.io.BufferedReader.fill(Unknown Source) ~[?:1.8.0_201]
	at java.io.BufferedReader.readLine(Unknown Source) ~[?:1.8.0_201]
	at java.io.BufferedReader.readLine(Unknown Source) ~[?:1.8.0_201]
	at so$2.run(SourceFile:110) [server.jar:?]
[20:36:16] [Server thread/INFO]: Default game type: SURVIVAL
[20:36:16] [Server thread/INFO]: Generating keypair
[20:36:16] [Server thread/INFO]: Starting Minecraft server on *:25565
[20:36:16] [Server thread/INFO]: Using default channel type
[20:36:17] [Server thread/INFO]: Preparing level "world"
[20:36:17] [Server thread/INFO]: Reloading ResourceManager: Default
[20:36:18] [Server thread/INFO]: Loaded 524 recipes
[20:36:19] [Server thread/INFO]: Loaded 571 advancements
[20:36:19] [Server thread/INFO]: Preparing start region for dimension minecraft:overworld
[20:36:19] [Server thread/INFO]: Preparing spawn area: 4%
[20:36:19] [Server thread/INFO]: Preparing spawn area: 8%
[20:36:19] [Server thread/INFO]: Preparing spawn area: 12%
[20:36:20] [Server thread/INFO]: Preparing spawn area: 16%
[20:36:20] [Server thread/INFO]: Preparing spawn area: 20%
[20:36:20] [Server thread/INFO]: Preparing spawn area: 24%
[20:36:20] [Server thread/INFO]: Preparing spawn area: 28%
[20:36:20] [Server thread/INFO]: Preparing spawn area: 32%
[20:36:20] [Server thread/INFO]: Preparing spawn area: 36%
[20:36:20] [Server thread/INFO]: Preparing spawn area: 40%
[20:36:20] [Server thread/INFO]: Preparing spawn area: 44%
[20:36:20] [Server thread/INFO]: Preparing spawn area: 48%
[20:36:20] [Server thread/INFO]: Preparing spawn area: 52%
[20:36:20] [Server thread/INFO]: Preparing spawn area: 56%
[20:36:20] [Server thread/INFO]: Preparing spawn area: 60%
[20:36:20] [Server thread/INFO]: Preparing spawn area: 64%
[20:36:20] [Server thread/INFO]: Preparing spawn area: 68%
[20:36:20] [Server thread/INFO]: Preparing spawn area: 72%
[20:36:20] [Server thread/INFO]: Preparing spawn area: 76%
[20:36:20] [Server thread/INFO]: Preparing spawn area: 80%
[20:36:20] [Server thread/INFO]: Preparing spawn area: 84%
[20:36:20] [Server thread/INFO]: Preparing spawn area: 88%
[20:36:20] [Server thread/INFO]: Preparing spawn area: 92%
[20:36:20] [Server thread/INFO]: Preparing spawn area: 96%
[20:36:20] [Server thread/INFO]: Preparing spawn area: 100%
[20:36:20] [Server thread/INFO]: Time elapsed: 1454 ms
[20:36:20] [Server thread/INFO]: Done (3.353s)! For help, type "help"
[20:36:54] [User Authenticator #1/INFO]: UUID of player nebraskafan27 is b2ac96c8-13fe-4d80-ad8b-225d8b5cf524
[20:36:54] [Server thread/INFO]: nebraskafan27[/73.217.209.34:52113] logged in with entity id 293 at (172.69999998807907, 75.0, -271.14472575150364)
[20:36:54] [Server thread/INFO]: nebraskafan27 joined the game
[20:36:58] [User Authenticator #2/INFO]: UUID of player Manic_Soul is f73326f1-44d9-4888-a154-345653dd89de
[20:36:58] [Server thread/INFO]: Manic_Soul[/73.217.234.228:54470] logged in with entity id 343 at (236.80199432163087, 72.52264514776843, -148.53597322166152)
[20:36:58] [Server thread/INFO]: Manic_Soul joined the game
[20:37:16] [Server thread/WARN]: Can't keep up! Is the server overloaded? Running 2148ms or 42 ticks behind
[20:37:16] [Server thread/WARN]: Manic_Soul moved too quickly! 4.578294115778192,3.8103437869441876,-8.60816287102719
[20:37:42] [Server thread/INFO]: nebraskafan27 lost connection: Disconnected
[20:37:42] [Server thread/INFO]: nebraskafan27 left the game
[20:49:05] [User Authenticator #3/INFO]: UUID of player ElTilto is 0889eaf8-fe54-47b3-b15c-203c5e8614aa
[20:49:05] [Server thread/INFO]: ElTilto[/73.217.234.228:55993] logged in with entity id 15400 at (210.5, 64.0, -171.5)
[20:49:05] [Server thread/INFO]: ElTilto joined the game
[20:49:28] [Server thread/INFO]: ElTilto lost connection: Disconnected
[20:49:28] [Server thread/INFO]: ElTilto left the game
[20:50:24] [User Authenticator #4/INFO]: UUID of player nebraskafan27 is b2ac96c8-13fe-4d80-ad8b-225d8b5cf524
[20:50:24] [Server thread/INFO]: nebraskafan27[/73.217.209.34:52303] logged in with entity id 16882 at (200.07935820830346, 77.0, -282.97099012291085)
[20:50:24] [Server thread/INFO]: nebraskafan27 joined the game
[20:51:10] [User Authenticator #5/INFO]: UUID of player BoyWhoShatTime is 45f3e7e5-ede1-4ee1-96cd-48fac3cfbddc
[20:51:10] [Server thread/INFO]: BoyWhoShatTime[/73.217.241.177:52085] logged in with entity id 19135 at (203.5, 63.0, -169.5)
[20:51:10] [Server thread/INFO]: BoyWhoShatTime joined the game
[20:52:03] [User Authenticator #6/INFO]: UUID of player ElTilto is 0889eaf8-fe54-47b3-b15c-203c5e8614aa
[20:52:03] [Server thread/INFO]: ElTilto[/73.217.234.228:56043] logged in with entity id 21263 at (210.4735642866069, 64.0, -169.5568708726025)
[20:52:03] [Server thread/INFO]: ElTilto joined the game
[20:53:12] [Server thread/INFO]: nebraskafan27 lost connection: Disconnected
[20:53:12] [Server thread/INFO]: nebraskafan27 left the game
[20:56:10] [Server thread/INFO]: [Manic_Soul: Teleported Manic_Soul to BoyWhoShatTime]
[20:58:09] [User Authenticator #7/INFO]: UUID of player nebraskafan27 is b2ac96c8-13fe-4d80-ad8b-225d8b5cf524
[20:58:09] [Server thread/INFO]: nebraskafan27[/73.217.209.34:52422] logged in with entity id 39207 at (206.85065533086654, 63.0, -242.9097314977301)
[20:58:09] [Server thread/INFO]: nebraskafan27 joined the game
[20:58:30] [Server thread/INFO]: [Manic_Soul: Teleported BoyWhoShatTime to Manic_Soul]
[20:58:32] [Server thread/INFO]: [nebraskafan27: Teleported nebraskafan27 to Manic_Soul]
[20:59:28] [Server thread/INFO]: [Manic_Soul: Set own game mode to Survival Mode]
[21:01:19] [Server thread/INFO]: ElTilto has made the advancement [Stone Age]
[21:01:25] [Server thread/INFO]: [nebraskafan27: Teleported nebraskafan27 to Manic_Soul]
[21:01:51] [Server thread/INFO]: nebraskafan27 has made the advancement [Sweet Dreams]
[21:02:19] [Server thread/INFO]: Manic_Soul has made the advancement [Sweet Dreams]
[21:02:39] [Server thread/INFO]: [Manic_Soul: Set own game mode to Creative Mode]
[21:02:42] [Server thread/INFO]: BoyWhoShatTime has made the advancement [Sweet Dreams]
[21:03:00] [Server thread/INFO]: [Manic_Soul: Teleported ElTilto to Manic_Soul]
[21:03:15] [Server thread/INFO]: ElTilto has made the advancement [Sweet Dreams]
[21:03:32] [Server thread/INFO]: nebraskafan27 lost connection: Disconnected
[21:03:32] [Server thread/INFO]: nebraskafan27 left the game
[21:03:44] [Server thread/INFO]: [Manic_Soul: Set own game mode to Survival Mode]
[21:04:55] [Server thread/INFO]: Manic_Soul has made the advancement [Stone Age]
[21:05:26] [Server thread/INFO]: Manic_Soul has made the advancement [Getting an Upgrade]
[21:07:41] [Server thread/INFO]: ElTilto has made the advancement [Getting an Upgrade]
[21:08:01] [Server thread/INFO]: Stopping the server
[21:08:01] [Server thread/INFO]: Stopping server
[21:08:01] [Server thread/INFO]: Saving players
[21:08:01] [Server thread/INFO]: Manic_Soul lost connection: Internal Exception: java.lang.StackOverflowError
[21:08:01] [Server thread/INFO]: Manic_Soul left the game
[21:08:01] [Server thread/INFO]: Saving worlds
[21:08:01] [Server thread/INFO]: Saving chunks for level 'world'/minecraft:the_nether
[21:08:01] [Server thread/INFO]: Saving chunks for level 'world'/minecraft:the_end
[21:08:01] [Server thread/INFO]: Saving chunks for level 'world'/minecraft:overworld
